Determining if the pthread_create exist failed with the following output:
Change Dir: /home/pedrohrpbs/catkin_ws_NAVIO/src/common_srv/build/CMakeFiles/CMakeTmp

Run Build Command:"/usr/bin/make" "cmTC_95c1b/fast"
/usr/bin/make -f CMakeFiles/cmTC_95c1b.dir/build.make CMakeFiles/cmTC_95c1b.dir/build
make[1]: Entering directory '/home/pedrohrpbs/catkin_ws_NAVIO/src/common_srv/build/CMakeFiles/CMakeTmp'
Building C object CMakeFiles/cmTC_95c1b.dir/CheckSymbolExists.c.o
/usr/bin/x86_64-linux-gnu-gcc-7    -o CMakeFiles/cmTC_95c1b.dir/CheckSymbolExists.c.o   -c /home/pedrohrpbs/catkin_ws_NAVIO/src/common_srv/build/CMakeFiles/CMakeTmp/CheckSymbolExists.c
Linking C executable cmTC_95c1b
/usr/bin/cmake -E cmake_link_script CMakeFiles/cmTC_95c1b.dir/link.txt --verbose=1
/usr/bin/x86_64-linux-gnu-gcc-7      -rdynamic CMakeFiles/cmTC_95c1b.dir/CheckSymbolExists.c.o  -o cmTC_95c1b 
CMakeFiles/cmTC_95c1b.dir/CheckSymbolExists.c.o: In function `main':
CheckSymbolExists.c:(.text+0x1b): undefined reference to `pthread_create'
collect2: error: ld returned 1 exit status
CMakeFiles/cmTC_95c1b.dir/build.make:97: recipe for target 'cmTC_95c1b' failed
make[1]: *** [cmTC_95c1b] Error 1
make[1]: Leaving directory '/home/pedrohrpbs/catkin_ws_NAVIO/src/common_srv/build/CMakeFiles/CMakeTmp'
Makefile:126: recipe for target 'cmTC_95c1b/fast' failed
make: *** [cmTC_95c1b/fast] Error 2

File /home/pedrohrpbs/catkin_ws_NAVIO/src/common_srv/build/CMakeFiles/CMakeTmp/CheckSymbolExists.c:
/* */
#include <pthread.h>

int main(int argc, char** argv)
{
  (void)argv;
#ifndef pthread_create
  return ((int*)(&pthread_create))[argc];
#else
  (void)argc;
  return 0;
#endif
}

Determining if the function pthread_create exists in the pthreads failed with the following output:
Change Dir: /home/pedrohrpbs/catkin_ws_NAVIO/src/common_srv/build/CMakeFiles/CMakeTmp

Run Build Command:"/usr/bin/make" "cmTC_bcc8c/fast"
/usr/bin/make -f CMakeFiles/cmTC_bcc8c.dir/build.make CMakeFiles/cmTC_bcc8c.dir/build
make[1]: Entering directory '/home/pedrohrpbs/catkin_ws_NAVIO/src/common_srv/build/CMakeFiles/CMakeTmp'
Building C object CMakeFiles/cmTC_bcc8c.dir/CheckFunctionExists.c.o
/usr/bin/x86_64-linux-gnu-gcc-7   -DCHECK_FUNCTION_EXISTS=pthread_create   -o CMakeFiles/cmTC_bcc8c.dir/CheckFunctionExists.c.o   -c /usr/share/cmake-3.10/Modules/CheckFunctionExists.c
Linking C executable cmTC_bcc8c
/usr/bin/cmake -E cmake_link_script CMakeFiles/cmTC_bcc8c.dir/link.txt --verbose=1
/usr/bin/x86_64-linux-gnu-gcc-7  -DCHECK_FUNCTION_EXISTS=pthread_create    -rdynamic CMakeFiles/cmTC_bcc8c.dir/CheckFunctionExists.c.o  -o cmTC_bcc8c -lpthreads 
/usr/bin/ld: cannot find -lpthreads
collect2: error: ld returned 1 exit status
CMakeFiles/cmTC_bcc8c.dir/build.make:97: recipe for target 'cmTC_bcc8c' failed
make[1]: *** [cmTC_bcc8c] Error 1
make[1]: Leaving directory '/home/pedrohrpbs/catkin_ws_NAVIO/src/common_srv/build/CMakeFiles/CMakeTmp'
Makefile:126: recipe for target 'cmTC_bcc8c/fast' failed
make: *** [cmTC_bcc8c/fast] Error 2


